mode: set
github.com/nchukkaio/algorithms/leetcode/find_peak_element.go:3.38,5.2 1 1
github.com/nchukkaio/algorithms/leetcode/find_peak_element.go:7.61,9.18 2 1
github.com/nchukkaio/algorithms/leetcode/find_peak_element.go:12.2,12.108 1 1
github.com/nchukkaio/algorithms/leetcode/find_peak_element.go:15.2,15.49 1 1
github.com/nchukkaio/algorithms/leetcode/find_peak_element.go:18.2,18.59 1 1
github.com/nchukkaio/algorithms/leetcode/find_peak_element.go:22.2,22.15 1 0
github.com/nchukkaio/algorithms/leetcode/find_peak_element.go:9.18,11.3 1 0
github.com/nchukkaio/algorithms/leetcode/find_peak_element.go:12.108,14.3 1 1
github.com/nchukkaio/algorithms/leetcode/find_peak_element.go:15.49,17.3 1 0
github.com/nchukkaio/algorithms/leetcode/find_peak_element.go:18.59,20.3 1 1
github.com/nchukkaio/algorithms/leetcode/trap_rain_water.go:3.38,8.30 5 1
github.com/nchukkaio/algorithms/leetcode/trap_rain_water.go:13.2,13.31 1 1
github.com/nchukkaio/algorithms/leetcode/trap_rain_water.go:20.2,21.41 2 1
github.com/nchukkaio/algorithms/leetcode/trap_rain_water.go:28.2,28.12 1 1
github.com/nchukkaio/algorithms/leetcode/trap_rain_water.go:8.30,9.35 1 1
github.com/nchukkaio/algorithms/leetcode/trap_rain_water.go:9.35,11.4 1 1
github.com/nchukkaio/algorithms/leetcode/trap_rain_water.go:13.31,14.28 1 1
github.com/nchukkaio/algorithms/leetcode/trap_rain_water.go:14.28,16.4 1 1
github.com/nchukkaio/algorithms/leetcode/trap_rain_water.go:16.9,18.4 1 1
github.com/nchukkaio/algorithms/leetcode/trap_rain_water.go:21.41,22.28 1 1
github.com/nchukkaio/algorithms/leetcode/trap_rain_water.go:22.28,24.4 1 1
github.com/nchukkaio/algorithms/leetcode/trap_rain_water.go:24.9,26.4 1 1
